Disk Useage For The Day

Filesystem    512-blocks      Used Available Capacity iused      ifree %iused  Mounted on
/dev/disk1     487653376 463473568  23667808    96% 1991916 4292975363    0%   /
devfs                377       377         0   100%     652          0  100%   /dev
map -hosts             0         0         0   100%       0          0  100%   /net
map auto_home          0         0         0   100%       0          0  100%   /home
/dev/disk3s1      126896     85936     40960    68%      10 4294967269    0%   /Volumes/PrivateTunnelInstaller
/dev/disk2s2       83904     35576     48328    43%     914 4294966365    0%   /Volumes/Cornerstone_3.0.3_xclient.info


Disk Inode usage for the Day

Filesystem    512-blocks      Used Available Capacity iused      ifree %iused  Mounted on
/dev/disk1     487653376 463473568  23667808    96% 1991916 4292975363    0%   /
devfs                377       377         0   100%     652          0  100%   /dev
map -hosts             0         0         0   100%       0          0  100%   /net
map auto_home          0         0         0   100%       0          0  100%   /home
/dev/disk3s1      126896     85936     40960    68%      10 4294967269    0%   /Volumes/PrivateTunnelInstaller
/dev/disk2s2       83904     35576     48328    43%     914 4294966365    0%   /Volumes/Cornerstone_3.0.3_xclient.info


Disk Useage For The Day

Filesystem    512-blocks      Used Available Capacity iused      ifree %iused  Mounted on
/dev/disk1     487653376 463694840  23446536    96% 1991908 4292975371    0%   /
devfs                377       377         0   100%     652          0  100%   /dev
map -hosts             0         0         0   100%       0          0  100%   /net
map auto_home          0         0         0   100%       0          0  100%   /home
/dev/disk3s1      126896     85936     40960    68%      10 4294967269    0%   /Volumes/PrivateTunnelInstaller
/dev/disk2s2       83904     35576     48328    43%     914 4294966365    0%   /Volumes/Cornerstone_3.0.3_xclient.info


Disk Useage For The Day

Filesystem    512-blocks      Used Available Capacity iused      ifree %iused  Mounted on
/dev/disk1     487653376 463696176  23445200    96% 1991908 4292975371    0%   /
devfs                377       377         0   100%     652          0  100%   /dev
map -hosts             0         0         0   100%       0          0  100%   /net
map auto_home          0         0         0   100%       0          0  100%   /home
/dev/disk3s1      126896     85936     40960    68%      10 4294967269    0%   /Volumes/PrivateTunnelInstaller
/dev/disk2s2       83904     35576     48328    43%     914 4294966365    0%   /Volumes/Cornerstone_3.0.3_xclient.info


Disk Inode usage for the Day

Filesystem    512-blocks      Used Available Capacity iused      ifree %iused  Mounted on
/dev/disk1     487653376 463696176  23445200    96% 1991908 4292975371    0%   /
devfs                377       377         0   100%     652          0  100%   /dev
map -hosts             0         0         0   100%       0          0  100%   /net
map auto_home          0         0         0   100%       0          0  100%   /home
/dev/disk3s1      126896     85936     40960    68%      10 4294967269    0%   /Volumes/PrivateTunnelInstaller
/dev/disk2s2       83904     35576     48328    43%     914 4294966365    0%   /Volumes/Cornerstone_3.0.3_xclient.info


Disk Useage For The Day

Filesystem    512-blocks      Used Available Capacity iused      ifree %iused  Mounted on
/dev/disk1     487653376 463689744  23451632    96% 1991908 4292975371    0%   /
devfs                377       377         0   100%     652          0  100%   /dev
map -hosts             0         0         0   100%       0          0  100%   /net
map auto_home          0         0         0   100%       0          0  100%   /home
/dev/disk3s1      126896     85936     40960    68%      10 4294967269    0%   /Volumes/PrivateTunnelInstaller
/dev/disk2s2       83904     35576     48328    43%     914 4294966365    0%   /Volumes/Cornerstone_3.0.3_xclient.info


Disk Inode usage for the Day

Filesystem    512-blocks      Used Available Capacity iused      ifree %iused  Mounted on
/dev/disk1     487653376 463689752  23451624    96% 1991908 4292975371    0%   /
devfs                377       377         0   100%     652          0  100%   /dev
map -hosts             0         0         0   100%       0          0  100%   /net
map auto_home          0         0         0   100%       0          0  100%   /home
/dev/disk3s1      126896     85936     40960    68%      10 4294967269    0%   /Volumes/PrivateTunnelInstaller
/dev/disk2s2       83904     35576     48328    43%     914 4294966365    0%   /Volumes/Cornerstone_3.0.3_xclient.info


Disk Useage For The Day

Filesystem    512-blocks      Used Available Capacity iused      ifree %iused  Mounted on
/dev/disk1     487653376 463689800  23451576    96% 1991908 4292975371    0%   /
devfs                377       377         0   100%     652          0  100%   /dev
map -hosts             0         0         0   100%       0          0  100%   /net
map auto_home          0         0         0   100%       0          0  100%   /home
/dev/disk3s1      126896     85936     40960    68%      10 4294967269    0%   /Volumes/PrivateTunnelInstaller
/dev/disk2s2       83904     35576     48328    43%     914 4294966365    0%   /Volumes/Cornerstone_3.0.3_xclient.info


Disk Inode usage for the Day

Filesystem    512-blocks      Used Available Capacity iused      ifree %iused  Mounted on
/dev/disk1     487653376 463689800  23451576    96% 1991908 4292975371    0%   /
devfs                377       377         0   100%     652          0  100%   /dev
map -hosts             0         0         0   100%       0          0  100%   /net
map auto_home          0         0         0   100%       0          0  100%   /home
/dev/disk3s1      126896     85936     40960    68%      10 4294967269    0%   /Volumes/PrivateTunnelInstaller
/dev/disk2s2       83904     35576     48328    43%     914 4294966365    0%   /Volumes/Cornerstone_3.0.3_xclient.info


Disk Useage For The Day

Filesystem    512-blocks      Used Available Capacity iused      ifree %iused  Mounted on
/dev/disk1     487653376 463690144  23451232    96% 1991908 4292975371    0%   /
devfs                377       377         0   100%     652          0  100%   /dev
map -hosts             0         0         0   100%       0          0  100%   /net
map auto_home          0         0         0   100%       0          0  100%   /home
/dev/disk3s1      126896     85936     40960    68%      10 4294967269    0%   /Volumes/PrivateTunnelInstaller
/dev/disk2s2       83904     35576     48328    43%     914 4294966365    0%   /Volumes/Cornerstone_3.0.3_xclient.info


Disk Inode usage for the Day

Filesystem    512-blocks      Used Available Capacity iused      ifree %iused  Mounted on
/dev/disk1     487653376 463690144  23451232    96% 1991908 4292975371    0%   /
devfs                377       377         0   100%     652          0  100%   /dev
map -hosts             0         0         0   100%       0          0  100%   /net
map auto_home          0         0         0   100%       0          0  100%   /home
/dev/disk3s1      126896     85936     40960    68%      10 4294967269    0%   /Volumes/PrivateTunnelInstaller
/dev/disk2s2       83904     35576     48328    43%     914 4294966365    0%   /Volumes/Cornerstone_3.0.3_xclient.info


Disk Useage For The Day

Filesystem    512-blocks      Used Available Capacity iused      ifree %iused  Mounted on
/dev/disk1     487653376 463689136  23452240    96% 1991908 4292975371    0%   /
devfs                377       377         0   100%     652          0  100%   /dev
map -hosts             0         0         0   100%       0          0  100%   /net
map auto_home          0         0         0   100%       0          0  100%   /home
/dev/disk3s1      126896     85936     40960    68%      10 4294967269    0%   /Volumes/PrivateTunnelInstaller
/dev/disk2s2       83904     35576     48328    43%     914 4294966365    0%   /Volumes/Cornerstone_3.0.3_xclient.info


Disk Inode usage for the Day

Filesystem    512-blocks      Used Available Capacity iused      ifree %iused  Mounted on
/dev/disk1     487653376 463689144  23452232    96% 1991908 4292975371    0%   /
devfs                377       377         0   100%     652          0  100%   /dev
map -hosts             0         0         0   100%       0          0  100%   /net
map auto_home          0         0         0   100%       0          0  100%   /home
/dev/disk3s1      126896     85936     40960    68%      10 4294967269    0%   /Volumes/PrivateTunnelInstaller
/dev/disk2s2       83904     35576     48328    43%     914 4294966365    0%   /Volumes/Cornerstone_3.0.3_xclient.info


Disk Useage For The Day

Filesystem    512-blocks      Used Available Capacity iused      ifree %iused  Mounted on
/dev/disk1     487653376 463689776  23451600    96% 1991908 4292975371    0%   /
devfs                377       377         0   100%     652          0  100%   /dev
map -hosts             0         0         0   100%       0          0  100%   /net
map auto_home          0         0         0   100%       0          0  100%   /home
/dev/disk3s1      126896     85936     40960    68%      10 4294967269    0%   /Volumes/PrivateTunnelInstaller
/dev/disk2s2       83904     35576     48328    43%     914 4294966365    0%   /Volumes/Cornerstone_3.0.3_xclient.info


Disk Inode usage for the Day

Filesystem    512-blocks      Used Available Capacity iused      ifree %iused  Mounted on
/dev/disk1     487653376 463689776  23451600    96% 1991908 4292975371    0%   /
devfs                377       377         0   100%     652          0  100%   /dev
map -hosts             0         0         0   100%       0          0  100%   /net
map auto_home          0         0         0   100%       0          0  100%   /home
/dev/disk3s1      126896     85936     40960    68%      10 4294967269    0%   /Volumes/PrivateTunnelInstaller
/dev/disk2s2       83904     35576     48328    43%     914 4294966365    0%   /Volumes/Cornerstone_3.0.3_xclient.info


